<?xml version="1.0" encoding="UTF-8"?>
<!-- Generated by org.testng.reporters.JUnitReportReporter -->
<testsuite skipped="0" hostname="DESKTOP-S58KVAT" name="com.emSigner.test.smoke.Testsample" tests="1" failures="0" timestamp="08 Apr 2019 16:53:32 GMT" time="132.142" errors="0">
  <testcase name="test1" time="132.142" classname="com.emSigner.test.smoke.Testsample"/>
</testsuite> <!-- com.emSigner.test.smoke.Testsample -->
